#-----------------------------------------------------------
# Vivado v2022.1 (64-bit)
# SW Build 3526262 on Mon Apr 18 15:48:16 MDT 2022
# IP Build 3524634 on Mon Apr 18 20:55:01 MDT 2022
# Start of session at: Sat Aug 17 11:52:36 2024
# Process ID: 8676
# Current directory: C:/Users/kim/Documents/github/vivado/Zybo-Z7-OS/hardware/Zybo-Z7-HW/proj
# Command line: vivado.exe -gui_launcher_event rodinguilauncherevent13092 C:\Users\kim\Documents\github\vivado\Zybo-Z7-OS\hardware\Zybo-Z7-HW\proj\Zybo-Z7-HW.xpr
# Log file: C:/Users/kim/Documents/github/vivado/Zybo-Z7-OS/hardware/Zybo-Z7-HW/proj/vivado.log
# Journal file: C:/Users/kim/Documents/github/vivado/Zybo-Z7-OS/hardware/Zybo-Z7-HW/proj\vivado.jou
# Running On: DESKTOP-S4LJL03, OS: Windows, CPU Frequency: 2994 MHz, CPU Physical cores: 16, Host memory: 34288 MB
#-----------------------------------------------------------
start_gui
open_project C:/Users/kim/Documents/github/vivado/Zybo-Z7-OS/hardware/Zybo-Z7-HW/proj/Zybo-Z7-HW.xpr
WARNING: [Board 49-26] cannot add Board Part xilinx.com:ac701:part0:1.4 available at C:/Xilinx/Vivado/2022.1/data/xhub/boards/XilinxBoardStore/boards/Xilinx/ac701/1.4/board.xml as part xc7a200tfbg676-2 specified in board_part file is either invalid or not available
WARNING: [Board 49-26] cannot add Board Part xilinx.com:kc705:part0:1.6 available at C:/Xilinx/Vivado/2022.1/data/xhub/boards/XilinxBoardStore/boards/Xilinx/kc705/1.6/board.xml as part xc7k325tffg900-2 specified in board_part file is either invalid or not available
WARNING: [Board 49-26] cannot add Board Part xilinx.com:kcu105:part0:1.6 available at C:/Xilinx/Vivado/2022.1/data/xhub/boards/XilinxBoardStore/boards/Xilinx/kcu105/1.6/board.xml as part xcku040-ffva1156-2-e specified in board_part file is either invalid or not available
WARNING: [Board 49-26] cannot add Board Part xilinx.com:kcu105:part0:1.7 available at C:/Xilinx/Vivado/2022.1/data/xhub/boards/XilinxBoardStore/boards/Xilinx/kcu105/1.7/board.xml as part xcku040-ffva1156-2-e specified in board_part file is either invalid or not available
WARNING: [Board 49-26] cannot add Board Part xilinx.com:kcu116:part0:1.4 available at C:/Xilinx/Vivado/2022.1/data/xhub/boards/XilinxBoardStore/boards/Xilinx/kcu116/1.4/board.xml as part xcku5p-ffvb676-2-e specified in board_part file is either invalid or not available
WARNING: [Board 49-26] cannot add Board Part xilinx.com:kcu116:part0:1.5 available at C:/Xilinx/Vivado/2022.1/data/xhub/boards/XilinxBoardStore/boards/Xilinx/kcu116/1.5/board.xml as part xcku5p-ffvb676-2-e specified in board_part file is either invalid or not available
WARNING: [Board 49-26] cannot add Board Part xilinx.com:kcu1500:part0:1.2 available at C:/Xilinx/Vivado/2022.1/data/xhub/boards/XilinxBoardStore/boards/Xilinx/kcu1500/1.2/board.xml as part xcku115-flvb2104-2-e specified in board_part file is either invalid or not available
WARNING: [Board 49-26] cannot add Board Part xilinx.com:sp701:part0:1.0 available at C:/Xilinx/Vivado/2022.1/data/xhub/boards/XilinxBoardStore/boards/Xilinx/sp701/1.0/board.xml as part xc7s100fgga676-2 specified in board_part file is either invalid or not available
WARNING: [Board 49-26] cannot add Board Part xilinx.com:sp701:part0:1.1 available at C:/Xilinx/Vivado/2022.1/data/xhub/boards/XilinxBoardStore/boards/Xilinx/sp701/1.1/board.xml as part xc7s100fgga676-2 specified in board_part file is either invalid or not available
WARNING: [Board 49-26] cannot add Board Part xilinx.com:vc707:part0:1.4 available at C:/Xilinx/Vivado/2022.1/data/xhub/boards/XilinxBoardStore/boards/Xilinx/vc707/1.4/board.xml as part xc7vx485tffg1761-2 specified in board_part file is either invalid or not available
WARNING: [Board 49-26] cannot add Board Part xilinx.com:vc709:part0:1.8 available at C:/Xilinx/Vivado/2022.1/data/xhub/boards/XilinxBoardStore/boards/Xilinx/vc709/1.8/board.xml as part xc7vx690tffg1761-2 specified in board_part file is either invalid or not available
WARNING: [Board 49-26] cannot add Board Part xilinx.com:vck190:part0:2.2 available at C:/Xilinx/Vivado/2022.1/data/xhub/boards/XilinxBoardStore/boards/Xilinx/vck190/production/2.2/board.xml as part xcvc1902-vsva2197-2mp-e-s specified in board_part file is either invalid or not available
WARNING: [Board 49-26] cannot add Board Part xilinx.com:vck190:part0:3.0 available at C:/Xilinx/Vivado/2022.1/data/xhub/boards/XilinxBoardStore/boards/Xilinx/vck190/production/3.0/board.xml as part xcvc1902-vsva2197-2mp-e-s specified in board_part file is either invalid or not available
WARNING: [Board 49-26] cannot add Board Part xilinx.com:vck190_newl:part0:1.0 available at C:/Xilinx/Vivado/2022.1/data/xhub/boards/XilinxBoardStore/boards/Xilinx/vck190_newl/production/1.0/board.xml as part xcvc1902-vsva2197-2mp-e-s specified in board_part file is either invalid or not available
WARNING: [Board 49-26] cannot add Board Part xilinx.com:vcu108:part0:1.6 available at C:/Xilinx/Vivado/2022.1/data/xhub/boards/XilinxBoardStore/boards/Xilinx/vcu108/1.6/board.xml as part xcvu095-ffva2104-2-e specified in board_part file is either invalid or not available
WARNING: [Board 49-26] cannot add Board Part xilinx.com:vcu108:part0:1.7 available at C:/Xilinx/Vivado/2022.1/data/xhub/boards/XilinxBoardStore/boards/Xilinx/vcu108/1.7/board.xml as part xcvu095-ffva2104-2-e specified in board_part file is either invalid or not available
WARNING: [Board 49-26] cannot add Board Part xilinx.com:vcu110:part0:1.4 available at C:/Xilinx/Vivado/2022.1/data/xhub/boards/XilinxBoardStore/boards/Xilinx/vcu110/1.4/board.xml as part xcvu190-flgc2104-2-e specified in board_part file is either invalid or not available
WARNING: [Board 49-26] cannot add Board Part xilinx.com:vcu118:part0:2.0 available at C:/Xilinx/Vivado/2022.1/data/xhub/boards/XilinxBoardStore/boards/Xilinx/vcu118/2.0/board.xml as part xcvu9p-flga2104-2l-e specified in board_part file is either invalid or not available
WARNING: [Board 49-26] cannot add Board Part xilinx.com:vcu118:part0:2.3 available at C:/Xilinx/Vivado/2022.1/data/xhub/boards/XilinxBoardStore/boards/Xilinx/vcu118/2.3/board.xml as part xcvu9p-flga2104-2l-e specified in board_part file is either invalid or not available
WARNING: [Board 49-26] cannot add Board Part xilinx.com:vcu118:part0:2.4 available at C:/Xilinx/Vivado/2022.1/data/xhub/boards/XilinxBoardStore/boards/Xilinx/vcu118/2.4/board.xml as part xcvu9p-flga2104-2l-e specified in board_part file is either invalid or not available
WARNING: [Board 49-26] cannot add Board Part xilinx.com:vcu128:part0:1.0 available at C:/Xilinx/Vivado/2022.1/data/xhub/boards/XilinxBoardStore/boards/Xilinx/vcu128/production/1.0/board.xml as part xcvu37p-fsvh2892-2l-e specified in board_part file is either invalid or not available
WARNING: [Board 49-26] cannot add Board Part xilinx.com:vcu129:part0:1.0 available at C:/Xilinx/Vivado/2022.1/data/xhub/boards/XilinxBoardStore/boards/Xilinx/vcu129/production/1.0/board.xml as part xcvu29p-fsga2577-2l-e specified in board_part file is either invalid or not available
WARNING: [Board 49-26] cannot add Board Part xilinx.com:vcu1525:part0:1.3 available at C:/Xilinx/Vivado/2022.1/data/xhub/boards/XilinxBoardStore/boards/Xilinx/vcu1525/1.3/board.xml as part xcvu9p-fsgd2104-2l-e specified in board_part file is either invalid or not available
WARNING: [Board 49-26] cannot add Board Part xilinx.com:vermeo_t1_mpsoc:part0:1.0 available at C:/Xilinx/Vivado/2022.1/data/xhub/boards/XilinxBoardStore/boards/Xilinx/vermeo_t1_mpsoc/1.0/board.xml as part xczu19eg-ffvd1760-2l-e specified in board_part file is either invalid or not available
WARNING: [Board 49-26] cannot add Board Part xilinx.com:vermeo_t1_rfsoc:part0:1.0 available at C:/Xilinx/Vivado/2022.1/data/xhub/boards/XilinxBoardStore/boards/Xilinx/vermeo_t1_rfsoc/1.0/board.xml as part xczu21dr-ffvd1156-2l-e specified in board_part file is either invalid or not available
WARNING: [Board 49-26] cannot add Board Part xilinx.com:vmk180:part0:2.2 available at C:/Xilinx/Vivado/2022.1/data/xhub/boards/XilinxBoardStore/boards/Xilinx/vmk180/production/2.2/board.xml as part xcvm1802-vsva2197-2mp-e-s specified in board_part file is either invalid or not available
WARNING: [Board 49-26] cannot add Board Part xilinx.com:vmk180:part0:3.0 available at C:/Xilinx/Vivado/2022.1/data/xhub/boards/XilinxBoardStore/boards/Xilinx/vmk180/production/3.0/board.xml as part xcvm1802-vsva2197-2mp-e-s specified in board_part file is either invalid or not available
WARNING: [Board 49-26] cannot add Board Part xilinx.com:vmk180_newl:part0:1.0 available at C:/Xilinx/Vivado/2022.1/data/xhub/boards/XilinxBoardStore/boards/Xilinx/vmk180_newl/production/1.0/board.xml as part xcvm1802-vsva2197-2mp-e-s specified in board_part file is either invalid or not available
WARNING: [Board 49-26] cannot add Board Part xilinx.com:vpk120_es:part0:1.2 available at C:/Xilinx/Vivado/2022.1/data/xhub/boards/XilinxBoardStore/boards/Xilinx/vpk120/es/1.2/board.xml as part xcvp1202-vsva2785-2mp-e-s-es1 specified in board_part file is either invalid or not available
WARNING: [Board 49-26] cannot add Board Part xilinx.com:vpk120_es_revb:part0:1.0 available at C:/Xilinx/Vivado/2022.1/data/xhub/boards/XilinxBoardStore/boards/Xilinx/vpk120_revb/es/1.0/board.xml as part xcvp1202-vsva2785-2mp-e-s-es1 specified in board_part file is either invalid or not available
WARNING: [Board 49-26] cannot add Board Part xilinx.com:zc706:part0:1.4 available at C:/Xilinx/Vivado/2022.1/data/xhub/boards/XilinxBoardStore/boards/Xilinx/zc706/1.4/board.xml as part xc7z045ffg900-2 specified in board_part file is either invalid or not available
WARNING: [Board 49-26] cannot add Board Part xilinx.com:zcu102:part0:3.3 available at C:/Xilinx/Vivado/2022.1/data/xhub/boards/XilinxBoardStore/boards/Xilinx/zcu102/3.3/board.xml as part xczu9eg-ffvb1156-2-e specified in board_part file is either invalid or not available
WARNING: [Board 49-26] cannot add Board Part xilinx.com:zcu102:part0:3.4 available at C:/Xilinx/Vivado/2022.1/data/xhub/boards/XilinxBoardStore/boards/Xilinx/zcu102/3.4/board.xml as part xczu9eg-ffvb1156-2-e specified in board_part file is either invalid or not available
WARNING: [Board 49-26] cannot add Board Part xilinx.com:zcu104:part0:1.1 available at C:/Xilinx/Vivado/2022.1/data/xhub/boards/XilinxBoardStore/boards/Xilinx/zcu104/1.1/board.xml as part xczu7ev-ffvc1156-2-e specified in board_part file is either invalid or not available
WARNING: [Board 49-26] cannot add Board Part xilinx.com:zcu106:part0:2.4 available at C:/Xilinx/Vivado/2022.1/data/xhub/boards/XilinxBoardStore/boards/Xilinx/zcu106/2.4/board.xml as part xczu7ev-ffvc1156-2-e specified in board_part file is either invalid or not available
WARNING: [Board 49-26] cannot add Board Part xilinx.com:zcu106:part0:2.5 available at C:/Xilinx/Vivado/2022.1/data/xhub/boards/XilinxBoardStore/boards/Xilinx/zcu106/2.5/board.xml as part xczu7ev-ffvc1156-2-e specified in board_part file is either invalid or not available
WARNING: [Board 49-26] cannot add Board Part xilinx.com:zcu106:part0:2.6 available at C:/Xilinx/Vivado/2022.1/data/xhub/boards/XilinxBoardStore/boards/Xilinx/zcu106/2.6/board.xml as part xczu7ev-ffvc1156-2-e specified in board_part file is either invalid or not available
WARNING: [Board 49-26] cannot add Board Part xilinx.com:zcu111:part0:1.2 available at C:/Xilinx/Vivado/2022.1/data/xhub/boards/XilinxBoardStore/boards/Xilinx/zcu111/1.2/board.xml as part xczu28dr-ffvg1517-2-e specified in board_part file is either invalid or not available
WARNING: [Board 49-26] cannot add Board Part xilinx.com:zcu111:part0:1.3 available at C:/Xilinx/Vivado/2022.1/data/xhub/boards/XilinxBoardStore/boards/Xilinx/zcu111/1.3/board.xml as part xczu28dr-ffvg1517-2-e specified in board_part file is either invalid or not available
WARNING: [Board 49-26] cannot add Board Part xilinx.com:zcu111:part0:1.4 available at C:/Xilinx/Vivado/2022.1/data/xhub/boards/XilinxBoardStore/boards/Xilinx/zcu111/1.4/board.xml as part xczu28dr-ffvg1517-2-e specified in board_part file is either invalid or not available
WARNING: [Board 49-26] cannot add Board Part xilinx.com:zcu1275:part0:1.0 available at C:/Xilinx/Vivado/2022.1/data/xhub/boards/XilinxBoardStore/boards/Xilinx/zcu1275/1.0/board.xml as part xczu29dr-ffvf1760-2-e specified in board_part file is either invalid or not available
WARNING: [Board 49-26] cannot add Board Part xilinx.com:zcu1285:part0:1.0 available at C:/Xilinx/Vivado/2022.1/data/xhub/boards/XilinxBoardStore/boards/Xilinx/zcu1285/1.0/board.xml as part xczu39dr-ffvf1760-2-i specified in board_part file is either invalid or not available
WARNING: [Board 49-26] cannot add Board Part xilinx.com:zcu208:part0:2.0 available at C:/Xilinx/Vivado/2022.1/data/xhub/boards/XilinxBoardStore/boards/Xilinx/zcu208/production/2.0/board.xml as part xczu48dr-fsvg1517-2-e specified in board_part file is either invalid or not available
WARNING: [Board 49-26] cannot add Board Part xilinx.com:zcu208ld:part0:2.0 available at C:/Xilinx/Vivado/2022.1/data/xhub/boards/XilinxBoardStore/boards/Xilinx/zcu208ld/production/2.0/board.xml as part xczu58dr-fsvg1517-2-i specified in board_part file is either invalid or not available
WARNING: [Board 49-26] cannot add Board Part xilinx.com:zcu216:part0:2.0 available at C:/Xilinx/Vivado/2022.1/data/xhub/boards/XilinxBoardStore/boards/Xilinx/zcu216/production/2.0/board.xml as part xczu49dr-ffvf1760-2-e specified in board_part file is either invalid or not available
WARNING: [Board 49-26] cannot add Board Part xilinx.com:zcu216ld:part0:2.0 available at C:/Xilinx/Vivado/2022.1/data/xhub/boards/XilinxBoardStore/boards/Xilinx/zcu216ld/production/2.0/board.xml as part xczu59dr-ffvf1760-2-i specified in board_part file is either invalid or not available
WARNING: [Board 49-26] cannot add Board Part xilinx.com:zcu670:part0:2.0 available at C:/Xilinx/Vivado/2022.1/data/xhub/boards/XilinxBoardStore/boards/Xilinx/zcu670/2.0/board.xml as part xczu67dr-fsve1156-2-i specified in board_part file is either invalid or not available
WARNING: [Board 49-26] cannot add Board Part xilinx.com:zcu670ld:part0:1.0 available at C:/Xilinx/Vivado/2022.1/data/xhub/boards/XilinxBoardStore/boards/Xilinx/zcu670ld/1.0/board.xml as part xczu57dr-fsve1156-2-i specified in board_part file is either invalid or not available
INFO: [Project 1-313] Project file moved from 'C:/Users/kim/Documents/github/vivado/Zybo-Z7-HW/proj' since last save.
Scanning sources...
Finished scanning sources
INFO: [IP_Flow 19-234] Refreshing IP repositories
INFO: [IP_Flow 19-1700] Loaded user IP repository 'c:/Users/kim/Documents/github/vivado/Zybo-Z7-OS/hardware/Zybo-Z7-HW/repo'.
INFO: [IP_Flow 19-2313] Loaded Vivado IP repository 'C:/Xilinx/Vivado/2022.1/data/ip'.
open_project: Time (s): cpu = 00:00:45 ; elapsed = 00:00:35 . Memory (MB): peak = 1606.758 ; gain = 0.000
update_compile_order -fileset sources_1
reset_run synth_1
INFO: [Project 1-1160] Copying file C:/Users/kim/Documents/github/vivado/Zybo-Z7-OS/hardware/Zybo-Z7-HW/proj/Zybo-Z7-HW.runs/synth_1/system_wrapper.dcp to C:/Users/kim/Documents/github/vivado/Zybo-Z7-HW/proj/Zybo-Z7-HW.srcs/utils_1/imports/synth_1 and adding it to utils fileset
launch_runs synth_1 -jobs 16
[Sat Aug 17 11:53:52 2024] Launched synth_1...
Run output will be captured here: C:/Users/kim/Documents/github/vivado/Zybo-Z7-OS/hardware/Zybo-Z7-HW/proj/Zybo-Z7-HW.runs/synth_1/runme.log
WARNING: [IP_Flow 19-4318] IP-XACT file does not exist: c:/Users/kim/Documents/github/vivado/Zybo-Z7-OS/hardware/Zybo-Z7-HW/proj/Zybo-Z7-HW.srcs/sources_1/bd/system/ip/system_PS_GPIO_0_0/system_PS_GPIO_0_0.xml. It will be created.
WARNING: [IP_Flow 19-4318] IP-XACT file does not exist: c:/Users/kim/Documents/github/vivado/Zybo-Z7-OS/hardware/Zybo-Z7-HW/proj/Zybo-Z7-HW.srcs/sources_1/bd/system/ip/system_PS_GPIO_2_0/system_PS_GPIO_2_0.xml. It will be created.
WARNING: [IP_Flow 19-4318] IP-XACT file does not exist: c:/Users/kim/Documents/github/vivado/Zybo-Z7-OS/hardware/Zybo-Z7-HW/proj/Zybo-Z7-HW.srcs/sources_1/bd/system/ip/system_PS_GPIO_3_0/system_PS_GPIO_3_0.xml. It will be created.
WARNING: [IP_Flow 19-4318] IP-XACT file does not exist: c:/Users/kim/Documents/github/vivado/Zybo-Z7-OS/hardware/Zybo-Z7-HW/proj/Zybo-Z7-HW.srcs/sources_1/bd/system/ip/system_axi_dynclk_0_0/system_axi_dynclk_0_0.xml. It will be created.
WARNING: [IP_Flow 19-4318] IP-XACT file does not exist: c:/Users/kim/Documents/github/vivado/Zybo-Z7-OS/hardware/Zybo-Z7-HW/proj/Zybo-Z7-HW.srcs/sources_1/bd/system/ip/system_axi_gpio_eth_0/system_axi_gpio_eth_0.xml. It will be created.
WARNING: [IP_Flow 19-4318] IP-XACT file does not exist: c:/Users/kim/Documents/github/vivado/Zybo-Z7-OS/hardware/Zybo-Z7-HW/proj/Zybo-Z7-HW.srcs/sources_1/bd/system/ip/system_axi_gpio_led_0/system_axi_gpio_led_0.xml. It will be created.
WARNING: [IP_Flow 19-4318] IP-XACT file does not exist: c:/Users/kim/Documents/github/vivado/Zybo-Z7-OS/hardware/Zybo-Z7-HW/proj/Zybo-Z7-HW.srcs/sources_1/bd/system/ip/system_axi_gpio_sw_btn_0/system_axi_gpio_sw_btn_0.xml. It will be created.
WARNING: [IP_Flow 19-4318] IP-XACT file does not exist: c:/Users/kim/Documents/github/vivado/Zybo-Z7-OS/hardware/Zybo-Z7-HW/proj/Zybo-Z7-HW.srcs/sources_1/bd/system/ip/system_axi_gpio_video_0/system_axi_gpio_video_0.xml. It will be created.
WARNING: [IP_Flow 19-4318] IP-XACT file does not exist: c:/Users/kim/Documents/github/vivado/Zybo-Z7-OS/hardware/Zybo-Z7-HW/proj/Zybo-Z7-HW.srcs/sources_1/bd/system/ip/system_axi_i2s_adi_1_0/system_axi_i2s_adi_1_0.xml. It will be created.
WARNING: [IP_Flow 19-4318] IP-XACT file does not exist: c:/Users/kim/Documents/github/vivado/Zybo-Z7-OS/hardware/Zybo-Z7-HW/proj/Zybo-Z7-HW.srcs/sources_1/bd/system/ip/system_axi_iic_0_0/system_axi_iic_0_0.xml. It will be created.
WARNING: [IP_Flow 19-4318] IP-XACT file does not exist: c:/Users/kim/Documents/github/vivado/Zybo-Z7-OS/hardware/Zybo-Z7-HW/proj/Zybo-Z7-HW.srcs/sources_1/bd/system/ip/system_auto_pc_0/system_auto_pc_0.xml. It will be created.
WARNING: [IP_Flow 19-4318] IP-XACT file does not exist: c:/Users/kim/Documents/github/vivado/Zybo-Z7-OS/hardware/Zybo-Z7-HW/proj/Zybo-Z7-HW.srcs/sources_1/bd/system/ip/system_axi_mem_intercon_0/system_axi_mem_intercon_0.xml. It will be created.
WARNING: [IP_Flow 19-4318] IP-XACT file does not exist: c:/Users/kim/Documents/github/vivado/Zybo-Z7-OS/hardware/Zybo-Z7-HW/proj/Zybo-Z7-HW.srcs/sources_1/bd/system/ip/system_xbar_0/system_xbar_0.xml. It will be created.
WARNING: [IP_Flow 19-4318] IP-XACT file does not exist: c:/Users/kim/Documents/github/vivado/Zybo-Z7-OS/hardware/Zybo-Z7-HW/proj/Zybo-Z7-HW.srcs/sources_1/bd/system/ip/system_s00_regslice_0/system_s00_regslice_0.xml. It will be created.
WARNING: [IP_Flow 19-4318] IP-XACT file does not exist: c:/Users/kim/Documents/github/vivado/Zybo-Z7-OS/hardware/Zybo-Z7-HW/proj/Zybo-Z7-HW.srcs/sources_1/bd/system/ip/system_s01_regslice_0/system_s01_regslice_0.xml. It will be created.
WARNING: [IP_Flow 19-4318] IP-XACT file does not exist: c:/Users/kim/Documents/github/vivado/Zybo-Z7-OS/hardware/Zybo-Z7-HW/proj/Zybo-Z7-HW.srcs/sources_1/bd/system/ip/system_m00_regslice_0/system_m00_regslice_0.xml. It will be created.
WARNING: [IP_Flow 19-4318] IP-XACT file does not exist: c:/Users/kim/Documents/github/vivado/Zybo-Z7-OS/hardware/Zybo-Z7-HW/proj/Zybo-Z7-HW.srcs/sources_1/bd/system/ip/system_auto_pc_1/system_auto_pc_1.xml. It will be created.
WARNING: [IP_Flow 19-4318] IP-XACT file does not exist: c:/Users/kim/Documents/github/vivado/Zybo-Z7-OS/hardware/Zybo-Z7-HW/proj/Zybo-Z7-HW.srcs/sources_1/bd/system/ip/system_axi_mem_intercon_HP0_0/system_axi_mem_intercon_HP0_0.xml. It will be created.
WARNING: [IP_Flow 19-4318] IP-XACT file does not exist: c:/Users/kim/Documents/github/vivado/Zybo-Z7-OS/hardware/Zybo-Z7-HW/proj/Zybo-Z7-HW.srcs/sources_1/bd/system/ip/system_axi_vdma_0_0/system_axi_vdma_0_0.xml. It will be created.
WARNING: [IP_Flow 19-4318] IP-XACT file does not exist: c:/Users/kim/Documents/github/vivado/Zybo-Z7-OS/hardware/Zybo-Z7-HW/proj/Zybo-Z7-HW.srcs/sources_1/bd/system/ip/system_axi_vdma_1_0/system_axi_vdma_1_0.xml. It will be created.
WARNING: [IP_Flow 19-4318] IP-XACT file does not exist: c:/Users/kim/Documents/github/vivado/Zybo-Z7-OS/hardware/Zybo-Z7-HW/proj/Zybo-Z7-HW.srcs/sources_1/bd/system/ip/system_axis_subset_converter_0_0/system_axis_subset_converter_0_0.xml. It will be created.
WARNING: [IP_Flow 19-4318] IP-XACT file does not exist: c:/Users/kim/Documents/github/vivado/Zybo-Z7-OS/hardware/Zybo-Z7-HW/proj/Zybo-Z7-HW.srcs/sources_1/bd/system/ip/system_axis_subset_converter_in_0/system_axis_subset_converter_in_0.xml. It will be created.
WARNING: [IP_Flow 19-4318] IP-XACT file does not exist: c:/Users/kim/Documents/github/vivado/Zybo-Z7-OS/hardware/Zybo-Z7-HW/proj/Zybo-Z7-HW.srcs/sources_1/bd/system/ip/system_axis_subset_converter_out_0/system_axis_subset_converter_out_0.xml. It will be created.
WARNING: [IP_Flow 19-4318] IP-XACT file does not exist: c:/Users/kim/Documents/github/vivado/Zybo-Z7-OS/hardware/Zybo-Z7-HW/proj/Zybo-Z7-HW.srcs/sources_1/bd/system/ip/system_clk_wiz_0_0/system_clk_wiz_0_0.xml. It will be created.
WARNING: [IP_Flow 19-4318] IP-XACT file does not exist: c:/Users/kim/Documents/github/vivado/Zybo-Z7-OS/hardware/Zybo-Z7-HW/proj/Zybo-Z7-HW.srcs/sources_1/bd/system/ip/system_dvi2rgb_1_0/system_dvi2rgb_1_0.xml. It will be created.
WARNING: [IP_Flow 19-4318] IP-XACT file does not exist: c:/Users/kim/Documents/github/vivado/Zybo-Z7-OS/hardware/Zybo-Z7-HW/proj/Zybo-Z7-HW.srcs/sources_1/bd/system/ip/system_mipi_csi2_rx_subsystem_0_0/system_mipi_csi2_rx_subsystem_0_0.xml. It will be created.
WARNING: [IP_Flow 19-4318] IP-XACT file does not exist: c:/Users/kim/Documents/github/vivado/Zybo-Z7-OS/hardware/Zybo-Z7-HW/proj/Zybo-Z7-HW.srcs/sources_1/bd/system/ip/system_proc_sys_reset_0_0/system_proc_sys_reset_0_0.xml. It will be created.
WARNING: [IP_Flow 19-4318] IP-XACT file does not exist: c:/Users/kim/Documents/github/vivado/Zybo-Z7-OS/hardware/Zybo-Z7-HW/proj/Zybo-Z7-HW.srcs/sources_1/bd/system/ip/system_processing_system7_0_0/system_processing_system7_0_0.xml. It will be created.
WARNING: [IP_Flow 19-4318] IP-XACT file does not exist: c:/Users/kim/Documents/github/vivado/Zybo-Z7-OS/hardware/Zybo-Z7-HW/proj/Zybo-Z7-HW.srcs/sources_1/bd/system/ip/system_xbar_1/system_xbar_1.xml. It will be created.
WARNING: [IP_Flow 19-4318] IP-XACT file does not exist: c:/Users/kim/Documents/github/vivado/Zybo-Z7-OS/hardware/Zybo-Z7-HW/proj/Zybo-Z7-HW.srcs/sources_1/bd/system/ip/system_auto_pc_2/system_auto_pc_2.xml. It will be created.
WARNING: [IP_Flow 19-4318] IP-XACT file does not exist: c:/Users/kim/Documents/github/vivado/Zybo-Z7-OS/hardware/Zybo-Z7-HW/proj/Zybo-Z7-HW.srcs/sources_1/bd/system/ip/system_ps7_0_axi_periph_GP0_0/system_ps7_0_axi_periph_GP0_0.xml. It will be created.
WARNING: [IP_Flow 19-4318] IP-XACT file does not exist: c:/Users/kim/Documents/github/vivado/Zybo-Z7-OS/hardware/Zybo-Z7-HW/proj/Zybo-Z7-HW.srcs/sources_1/bd/system/ip/system_pwm_rgb_0/system_pwm_rgb_0.xml. It will be created.
WARNING: [IP_Flow 19-4318] IP-XACT file does not exist: c:/Users/kim/Documents/github/vivado/Zybo-Z7-OS/hardware/Zybo-Z7-HW/proj/Zybo-Z7-HW.srcs/sources_1/bd/system/ip/system_rgb2dvi_1_0/system_rgb2dvi_1_0.xml. It will be created.
WARNING: [IP_Flow 19-4318] IP-XACT file does not exist: c:/Users/kim/Documents/github/vivado/Zybo-Z7-OS/hardware/Zybo-Z7-HW/proj/Zybo-Z7-HW.srcs/sources_1/bd/system/ip/system_rst_ps7_0_100M_0/system_rst_ps7_0_100M_0.xml. It will be created.
WARNING: [IP_Flow 19-4318] IP-XACT file does not exist: c:/Users/kim/Documents/github/vivado/Zybo-Z7-OS/hardware/Zybo-Z7-HW/proj/Zybo-Z7-HW.srcs/sources_1/bd/system/ip/system_rst_ps7_0_133M_0/system_rst_ps7_0_133M_0.xml. It will be created.
WARNING: [IP_Flow 19-4318] IP-XACT file does not exist: c:/Users/kim/Documents/github/vivado/Zybo-Z7-OS/hardware/Zybo-Z7-HW/proj/Zybo-Z7-HW.srcs/sources_1/bd/system/ip/system_util_ds_buf_fclk1_0/system_util_ds_buf_fclk1_0.xml. It will be created.
WARNING: [IP_Flow 19-4318] IP-XACT file does not exist: c:/Users/kim/Documents/github/vivado/Zybo-Z7-OS/hardware/Zybo-Z7-HW/proj/Zybo-Z7-HW.srcs/sources_1/bd/system/ip/system_v_axi4s_vid_out_0_0/system_v_axi4s_vid_out_0_0.xml. It will be created.
WARNING: [IP_Flow 19-4318] IP-XACT file does not exist: c:/Users/kim/Documents/github/vivado/Zybo-Z7-OS/hardware/Zybo-Z7-HW/proj/Zybo-Z7-HW.srcs/sources_1/bd/system/ip/system_v_frmbuf_wr_0_0/system_v_frmbuf_wr_0_0.xml. It will be created.
WARNING: [IP_Flow 19-4318] IP-XACT file does not exist: c:/Users/kim/Documents/github/vivado/Zybo-Z7-OS/hardware/Zybo-Z7-HW/proj/Zybo-Z7-HW.srcs/sources_1/bd/system/ip/system_v_tc_in_0/system_v_tc_in_0.xml. It will be created.
WARNING: [IP_Flow 19-4318] IP-XACT file does not exist: c:/Users/kim/Documents/github/vivado/Zybo-Z7-OS/hardware/Zybo-Z7-HW/proj/Zybo-Z7-HW.srcs/sources_1/bd/system/ip/system_v_tc_out_0/system_v_tc_out_0.xml. It will be created.
WARNING: [IP_Flow 19-4318] IP-XACT file does not exist: c:/Users/kim/Documents/github/vivado/Zybo-Z7-OS/hardware/Zybo-Z7-HW/proj/Zybo-Z7-HW.srcs/sources_1/bd/system/ip/system_v_vid_in_axi4s_0_0/system_v_vid_in_axi4s_0_0.xml. It will be created.
WARNING: [IP_Flow 19-4318] IP-XACT file does not exist: c:/Users/kim/Documents/github/vivado/Zybo-Z7-OS/hardware/Zybo-Z7-HW/proj/Zybo-Z7-HW.srcs/sources_1/bd/system/ip/system_xadc_wiz_0_0/system_xadc_wiz_0_0.xml. It will be created.
WARNING: [IP_Flow 19-4318] IP-XACT file does not exist: c:/Users/kim/Documents/github/vivado/Zybo-Z7-OS/hardware/Zybo-Z7-HW/proj/Zybo-Z7-HW.srcs/sources_1/bd/system/ip/system_xlconcat_0_0/system_xlconcat_0_0.xml. It will be created.
WARNING: [IP_Flow 19-4318] IP-XACT file does not exist: c:/Users/kim/Documents/github/vivado/Zybo-Z7-OS/hardware/Zybo-Z7-HW/proj/Zybo-Z7-HW.srcs/sources_1/bd/system/ip/system_xlconstant_0_0/system_xlconstant_0_0.xml. It will be created.
WARNING: [IP_Flow 19-4318] IP-XACT file does not exist: c:/Users/kim/Documents/github/vivado/Zybo-Z7-OS/hardware/Zybo-Z7-HW/proj/Zybo-Z7-HW.srcs/sources_1/bd/system/ip/system_xlconstant_1_0/system_xlconstant_1_0.xml. It will be created.
launch_runs impl_1 -jobs 16
[Sat Aug 17 11:55:51 2024] Launched impl_1...
Run output will be captured here: C:/Users/kim/Documents/github/vivado/Zybo-Z7-OS/hardware/Zybo-Z7-HW/proj/Zybo-Z7-HW.runs/impl_1/runme.log
launch_runs impl_1 -to_step write_bitstream -jobs 16
[Sat Aug 17 12:03:18 2024] Launched impl_1...
Run output will be captured here: C:/Users/kim/Documents/github/vivado/Zybo-Z7-OS/hardware/Zybo-Z7-HW/proj/Zybo-Z7-HW.runs/impl_1/runme.log
open_run impl_1
INFO: [Device 21-403] Loading part xc7z020clg400-1
Netlist sorting complete. Time (s): cpu = 00:00:01 ; elapsed = 00:00:01 . Memory (MB): peak = 1762.094 ; gain = 0.000
INFO: [Netlist 29-17] Analyzing 1224 Unisim elements for replacement
INFO: [Netlist 29-28] Unisim Transformation completed in 0 CPU seconds
INFO: [Project 1-479] Netlist was created with Vivado 2022.1
INFO: [Project 1-570] Preparing netlist for logic optimization
INFO: [Timing 38-478] Restoring timing data from binary archive.
INFO: [Timing 38-479] Binary timing data restore complete.
INFO: [Project 1-856] Restoring constraints from binary archive.
INFO: [Project 1-853] Binary constraint restore complete.
Reading XDEF placement.
Reading placer database...
Reading XDEF routing.
Read XDEF Files: Time (s): cpu = 00:00:03 ; elapsed = 00:00:03 . Memory (MB): peak = 2581.371 ; gain = 30.820
Restored from archive | CPU: 3.000000 secs | Memory: 0.000000 MB |
Finished XDEF File Restore: Time (s): cpu = 00:00:03 ; elapsed = 00:00:03 . Memory (MB): peak = 2581.371 ; gain = 30.820
Netlist sorting complete. Time (s): cpu = 00:00:00 ; elapsed = 00:00:00.023 . Memory (MB): peak = 2581.371 ; gain = 0.000
INFO: [Project 1-111] Unisim Transformation Summary:
  A total of 53 instances were transformed.
  IOBUF => IOBUF (IBUF, OBUFT): 9 instances
  RAM32M => RAM32M (RAMD32(x6), RAMS32(x2)): 37 instances
  RAM32X1D => RAM32X1D (RAMD32(x2)): 4 instances
  SRLC32E => SRL16E: 3 instances

open_run: Time (s): cpu = 00:01:03 ; elapsed = 00:00:40 . Memory (MB): peak = 2807.184 ; gain = 1200.426
open_report: Time (s): cpu = 00:00:31 ; elapsed = 00:00:25 . Memory (MB): peak = 2948.523 ; gain = 116.434
WARNING: [Timing 38-436] There are set_bus_skew constraint(s) in this design. Please run report_bus_skew to ensure that bus skew requirements are met.
exit
INFO: [Common 17-206] Exiting Vivado at Sat Aug 17 12:05:40 2024...
